0 verbose cli /usr/local/bin/node /usr/local/bin/npm
1 info using npm@10.1.0
2 info using node@v20.9.0
3 timing npm:load:whichnode Completed in 0ms
4 timing config:load:defaults Completed in 1ms
5 timing config:load:file:/usr/local/lib/node_modules/npm/npmrc Completed in 0ms
6 timing config:load:builtin Completed in 0ms
7 timing config:load:cli Completed in 1ms
8 timing config:load:env Completed in 1ms
9 timing config:load:file:/Users/advaittahilyani/Chordia/.npmrc Completed in 0ms
10 timing config:load:project Completed in 1ms
11 timing config:load:file:/Users/advaittahilyani/.npmrc Completed in 0ms
12 timing config:load:user Completed in 0ms
13 timing config:load:file:/usr/local/etc/npmrc Completed in 0ms
14 timing config:load:global Completed in 0ms
15 timing config:load:setEnvs Completed in 1ms
16 timing config:load Completed in 5ms
17 timing npm:load:configload Completed in 5ms
18 timing config:load:flatten Completed in 1ms
19 timing npm:load:mkdirpcache Completed in 0ms
20 timing npm:load:mkdirplogs Completed in 0ms
21 verbose title npm install framer-motion lucide-react clsx tailwind-merge
22 verbose argv "install" "framer-motion" "lucide-react" "clsx" "tailwind-merge"
23 timing npm:load:setTitle Completed in 8ms
24 timing npm:load:display Completed in 1ms
25 verbose logfile logs-max:10 dir:/Users/advaittahilyani/Chordia/.npm-cache/_logs/2026-01-10T17_03_54_759Z-
26 verbose logfile /Users/advaittahilyani/Chordia/.npm-cache/_logs/2026-01-10T17_03_54_759Z-debug-0.log
27 timing npm:load:logFile Completed in 5ms
28 timing npm:load:timers Completed in 0ms
29 timing npm:load:configScope Completed in 0ms
30 timing npm:load Completed in 26ms
31 timing arborist:ctor Completed in 1ms
32 silly logfile done cleaning log files
33 timing idealTree:init Completed in 79ms
34 timing idealTree:userRequests Completed in 0ms
35 silly idealTree buildDeps
36 silly fetch manifest framer-motion@*
37 timing arborist:ctor Completed in 0ms
38 http fetch GET 200 https://registry.npmjs.org/framer-motion 163ms (cache miss)
39 silly fetch manifest @emotion/is-prop-valid@*
40 http fetch GET 200 https://registry.npmjs.org/@emotion%2fis-prop-valid 512ms (cache miss)
41 silly fetch manifest react@19.2.3
42 http fetch GET 200 https://registry.npmjs.org/react 7ms (cache hit)
43 silly fetch manifest react-dom@19.2.3
44 http fetch GET 200 https://registry.npmjs.org/react-dom 6ms (cache hit)
45 silly fetch manifest lucide-react@*
46 http fetch GET 200 https://registry.npmjs.org/lucide-react 148ms (cache miss)
47 silly fetch manifest clsx@*
48 http fetch GET 200 https://registry.npmjs.org/clsx 47ms (cache miss)
49 silly fetch manifest tailwind-merge@*
50 http fetch GET 200 https://registry.npmjs.org/tailwind-merge 145ms (cache miss)
51 silly placeDep ROOT clsx@2.1.1 OK for: chordia-portfolio@0.1.0 want: *
52 silly placeDep ROOT framer-motion@12.25.0 OK for: chordia-portfolio@0.1.0 want: *
53 silly fetch manifest motion-dom@^12.24.11
54 silly fetch manifest motion-utils@^12.24.10
55 silly placeDep ROOT lucide-react@0.562.0 OK for: chordia-portfolio@0.1.0 want: *
56 silly placeDep ROOT tailwind-merge@3.4.0 OK for: chordia-portfolio@0.1.0 want: *
57 http fetch GET 200 https://registry.npmjs.org/motion-dom 55ms (cache miss)
58 http fetch GET 200 https://registry.npmjs.org/motion-utils 87ms (cache miss)
59 timing idealTree:#root Completed in 1151ms
60 timing idealTree:node_modules/@tailwindcss/oxide-wasm32-wasi Completed in 0ms
61 timing idealTree:node_modules/clsx Completed in 0ms
62 silly placeDep ROOT motion-dom@12.24.11 OK for: framer-motion@12.25.0 want: ^12.24.11
63 silly placeDep ROOT motion-utils@12.24.10 OK for: framer-motion@12.25.0 want: ^12.24.10
64 timing idealTree:node_modules/framer-motion Completed in 3ms
65 timing idealTree:node_modules/lucide-react Completed in 0ms
66 timing idealTree:node_modules/motion-dom Completed in 0ms
67 timing idealTree:node_modules/motion-utils Completed in 0ms
68 timing idealTree:node_modules/tailwind-merge Completed in 0ms
69 timing idealTree:buildDeps Completed in 1155ms
70 timing idealTree:fixDepFlags Completed in 1ms
71 timing idealTree Completed in 1238ms
72 timing reify:loadTrees Completed in 1239ms
73 timing reify:diffTrees Completed in 3ms
74 silly reify moves {}
75 timing reify:retireShallow Completed in 0ms
76 timing reify:createSparse Completed in 4ms
77 verbose reify failed optional dependency /Users/advaittahilyani/Chordia/node_modules/@tailwindcss/oxide-wasm32-wasi
78 silly reify mark deleted [
78 silly reify   '/Users/advaittahilyani/Chordia/node_modules/@tailwindcss/oxide-wasm32-wasi'
78 silly reify ]
79 timing reifyNode:node_modules/@tailwindcss/oxide-wasm32-wasi Completed in 1ms
80 timing arborist:ctor Completed in 0ms
81 timing reify:diffTrees Completed in 3ms
82 timing reify:loadBundles Completed in 5ms
83 silly audit bulk request {
83 silly audit   '@alloc/quick-lru': [ '5.2.0' ],
83 silly audit   '@babel/code-frame': [ '7.27.1' ],
83 silly audit   '@babel/compat-data': [ '7.28.5' ],
83 silly audit   '@babel/core': [ '7.28.5' ],
83 silly audit   '@babel/generator': [ '7.28.5' ],
83 silly audit   '@babel/helper-compilation-targets': [ '7.27.2' ],
83 silly audit   '@babel/helper-globals': [ '7.28.0' ],
83 silly audit   '@babel/helper-module-imports': [ '7.27.1' ],
83 silly audit   '@babel/helper-module-transforms': [ '7.28.3' ],
83 silly audit   '@babel/helper-string-parser': [ '7.27.1' ],
83 silly audit   '@babel/helper-validator-identifier': [ '7.28.5' ],
83 silly audit   '@babel/helper-validator-option': [ '7.27.1' ],
83 silly audit   '@babel/helpers': [ '7.28.4' ],
83 silly audit   '@babel/parser': [ '7.28.5' ],
83 silly audit   '@babel/template': [ '7.27.2' ],
83 silly audit   '@babel/traverse': [ '7.28.5' ],
83 silly audit   '@babel/types': [ '7.28.5' ],
83 silly audit   '@emnapi/core': [ '1.8.1' ],
83 silly audit   '@emnapi/runtime': [ '1.8.1' ],
83 silly audit   '@emnapi/wasi-threads': [ '1.1.0' ],
83 silly audit   '@eslint-community/eslint-utils': [ '4.9.1' ],
83 silly audit   'eslint-visitor-keys': [ '3.4.3', '4.2.1' ],
83 silly audit   '@eslint-community/regexpp': [ '4.12.2' ],
83 silly audit   '@eslint/config-array': [ '0.21.1' ],
83 silly audit   '@eslint/config-helpers': [ '0.4.2' ],
83 silly audit   '@eslint/core': [ '0.17.0' ],
83 silly audit   '@eslint/eslintrc': [ '3.3.3' ],
83 silly audit   '@eslint/js': [ '9.39.2' ],
83 silly audit   '@eslint/object-schema': [ '2.1.7' ],
83 silly audit   '@eslint/plugin-kit': [ '0.4.1' ],
83 silly audit   '@humanfs/core': [ '0.19.1' ],
83 silly audit   '@humanfs/node': [ '0.16.7' ],
83 silly audit   '@humanwhocodes/module-importer': [ '1.0.1' ],
83 silly audit   '@humanwhocodes/retry': [ '0.4.3' ],
83 silly audit   '@img/colour': [ '1.0.0' ],
83 silly audit   '@img/sharp-darwin-arm64': [ '0.34.5' ],
83 silly audit   '@img/sharp-darwin-x64': [ '0.34.5' ],
83 silly audit   '@img/sharp-libvips-darwin-arm64': [ '1.2.4' ],
83 silly audit   '@img/sharp-libvips-darwin-x64': [ '1.2.4' ],
83 silly audit   '@img/sharp-libvips-linux-arm': [ '1.2.4' ],
83 silly audit   '@img/sharp-libvips-linux-arm64': [ '1.2.4' ],
83 silly audit   '@img/sharp-libvips-linux-ppc64': [ '1.2.4' ],
83 silly audit   '@img/sharp-libvips-linux-riscv64': [ '1.2.4' ],
83 silly audit   '@img/sharp-libvips-linux-s390x': [ '1.2.4' ],
83 silly audit   '@img/sharp-libvips-linux-x64': [ '1.2.4' ],
83 silly audit   '@img/sharp-libvips-linuxmusl-arm64': [ '1.2.4' ],
83 silly audit   '@img/sharp-libvips-linuxmusl-x64': [ '1.2.4' ],
83 silly audit   '@img/sharp-linux-arm': [ '0.34.5' ],
83 silly audit   '@img/sharp-linux-arm64': [ '0.34.5' ],
83 silly audit   '@img/sharp-linux-ppc64': [ '0.34.5' ],
83 silly audit   '@img/sharp-linux-riscv64': [ '0.34.5' ],
83 silly audit   '@img/sharp-linux-s390x': [ '0.34.5' ],
83 silly audit   '@img/sharp-linux-x64': [ '0.34.5' ],
83 silly audit   '@img/sharp-linuxmusl-arm64': [ '0.34.5' ],
83 silly audit   '@img/sharp-linuxmusl-x64': [ '0.34.5' ],
83 silly audit   '@img/sharp-wasm32': [ '0.34.5' ],
83 silly audit   '@img/sharp-win32-arm64': [ '0.34.5' ],
83 silly audit   '@img/sharp-win32-ia32': [ '0.34.5' ],
83 silly audit   '@img/sharp-win32-x64': [ '0.34.5' ],
83 silly audit   '@jridgewell/gen-mapping': [ '0.3.13' ],
83 silly audit   '@jridgewell/remapping': [ '2.3.5' ],
83 silly audit   '@jridgewell/resolve-uri': [ '3.1.2' ],
83 silly audit   '@jridgewell/sourcemap-codec': [ '1.5.5' ],
83 silly audit   '@jridgewell/trace-mapping': [ '0.3.31' ],
83 silly audit   '@napi-rs/wasm-runtime': [ '0.2.12' ],
83 silly audit   '@next/env': [ '16.1.1' ],
83 silly audit   '@next/eslint-plugin-next': [ '16.1.1' ],
83 silly audit   '@next/swc-darwin-arm64': [ '16.1.1' ],
83 silly audit   '@next/swc-darwin-x64': [ '16.1.1' ],
83 silly audit   '@next/swc-linux-arm64-gnu': [ '16.1.1' ],
83 silly audit   '@next/swc-linux-arm64-musl': [ '16.1.1' ],
83 silly audit   '@next/swc-linux-x64-gnu': [ '16.1.1' ],
83 silly audit   '@next/swc-linux-x64-musl': [ '16.1.1' ],
83 silly audit   '@next/swc-win32-arm64-msvc': [ '16.1.1' ],
83 silly audit   '@next/swc-win32-x64-msvc': [ '16.1.1' ],
83 silly audit   '@nodelib/fs.scandir': [ '2.1.5' ],
83 silly audit   '@nodelib/fs.stat': [ '2.0.5' ],
83 silly audit   '@nodelib/fs.walk': [ '1.2.8' ],
83 silly audit   '@nolyfill/is-core-module': [ '1.0.39' ],
83 silly audit   '@rtsao/scc': [ '1.1.0' ],
83 silly audit   '@swc/helpers': [ '0.5.15' ],
83 silly audit   '@tailwindcss/node': [ '4.1.18' ],
83 silly audit   '@tailwindcss/oxide': [ '4.1.18' ],
83 silly audit   '@tailwindcss/oxide-android-arm64': [ '4.1.18' ],
83 silly audit   '@tailwindcss/oxide-darwin-arm64': [ '4.1.18' ],
83 silly audit   '@tailwindcss/oxide-darwin-x64': [ '4.1.18' ],
83 silly audit   '@tailwindcss/oxide-freebsd-x64': [ '4.1.18' ],
83 silly audit   '@tailwindcss/oxide-linux-arm-gnueabihf': [ '4.1.18' ],
83 silly audit   '@tailwindcss/oxide-linux-arm64-gnu': [ '4.1.18' ],
83 silly audit   '@tailwindcss/oxide-linux-arm64-musl': [ '4.1.18' ],
83 silly audit   '@tailwindcss/oxide-linux-x64-gnu': [ '4.1.18' ],
83 silly audit   '@tailwindcss/oxide-linux-x64-musl': [ '4.1.18' ],
83 silly audit   '@tailwindcss/oxide-win32-arm64-msvc': [ '4.1.18' ],
83 silly audit   '@tailwindcss/oxide-win32-x64-msvc': [ '4.1.18' ],
83 silly audit   '@tailwindcss/postcss': [ '4.1.18' ],
83 silly audit   '@tybys/wasm-util': [ '0.10.1' ],
83 silly audit   '@types/estree': [ '1.0.8' ],
83 silly audit   '@types/json-schema': [ '7.0.15' ],
83 silly audit   '@types/json5': [ '0.0.29' ],
83 silly audit   '@types/node': [ '20.19.28' ],
83 silly audit   '@types/react': [ '19.2.8' ],
83 silly audit   '@types/react-dom': [ '19.2.3' ],
83 silly audit   '@typescript-eslint/eslint-plugin': [ '8.52.0' ],
83 silly audit   ignore: [ '7.0.5', '5.3.2' ],
83 silly audit   '@typescript-eslint/parser': [ '8.52.0' ],
83 silly audit   '@typescript-eslint/project-service': [ '8.52.0' ],
83 silly audit   '@typescript-eslint/scope-manager': [ '8.52.0' ],
83 silly audit   '@typescript-eslint/tsconfig-utils': [ '8.52.0' ],
83 silly audit   '@typescript-eslint/type-utils': [ '8.52.0' ],
83 silly audit   '@typescript-eslint/types': [ '8.52.0' ],
83 silly audit   '@typescript-eslint/typescript-estree': [ '8.52.0' ],
83 silly audit   'brace-expansion': [ '2.0.2', '1.1.12' ],
83 silly audit   minimatch: [ '9.0.5', '3.1.2' ],
83 silly audit   semver: [ '7.7.3', '6.3.1' ],
83 silly audit   '@typescript-eslint/utils': [ '8.52.0' ],
83 silly audit   '@typescript-eslint/visitor-keys': [ '8.52.0' ],
83 silly audit   '@unrs/resolver-binding-android-arm-eabi': [ '1.11.1' ],
83 silly audit   '@unrs/resolver-binding-android-arm64': [ '1.11.1' ],
83 silly audit   '@unrs/resolver-binding-darwin-arm64': [ '1.11.1' ],
83 silly audit   '@unrs/resolver-binding-darwin-x64': [ '1.11.1' ],
83 silly audit   '@unrs/resolver-binding-freebsd-x64': [ '1.11.1' ],
83 silly audit   '@unrs/resolver-binding-linux-arm-gnueabihf': [ '1.11.1' ],
83 silly audit   '@unrs/resolver-binding-linux-arm-musleabihf': [ '1.11.1' ],
83 silly audit   '@unrs/resolver-binding-linux-arm64-gnu': [ '1.11.1' ],
83 silly audit   '@unrs/resolver-binding-linux-arm64-musl': [ '1.11.1' ],
83 silly audit   '@unrs/resolver-binding-linux-ppc64-gnu': [ '1.11.1' ],
83 silly audit   '@unrs/resolver-binding-linux-riscv64-gnu': [ '1.11.1' ],
83 silly audit   '@unrs/resolver-binding-linux-riscv64-musl': [ '1.11.1' ],
83 silly audit   '@unrs/resolver-binding-linux-s390x-gnu': [ '1.11.1' ],
83 silly audit   '@unrs/resolver-binding-linux-x64-gnu': [ '1.11.1' ],
83 silly audit   '@unrs/resolver-binding-linux-x64-musl': [ '1.11.1' ],
83 silly audit   '@unrs/resolver-binding-wasm32-wasi': [ '1.11.1' ],
83 silly audit   '@unrs/resolver-binding-win32-arm64-msvc': [ '1.11.1' ],
83 silly audit   '@unrs/resolver-binding-win32-ia32-msvc': [ '1.11.1' ],
83 silly audit   '@unrs/resolver-binding-win32-x64-msvc': [ '1.11.1' ],
83 silly audit   acorn: [ '8.15.0' ],
83 silly audit   'acorn-jsx': [ '5.3.2' ],
83 silly audit   ajv: [ '6.12.6' ],
83 silly audit   'ansi-styles': [ '4.3.0' ],
83 silly audit   argparse: [ '2.0.1' ],
83 silly audit   'aria-query': [ '5.3.2' ],
83 silly audit   'array-buffer-byte-length': [ '1.0.2' ],
83 silly audit   'array-includes': [ '3.1.9' ],
83 silly audit   'array.prototype.findlast': [ '1.2.5' ],
83 silly audit   'array.prototype.findlastindex': [ '1.2.6' ],
83 silly audit   'array.prototype.flat': [ '1.3.3' ],
83 silly audit   'array.prototype.flatmap': [ '1.3.3' ],
83 silly audit   'array.prototype.tosorted': [ '1.1.4' ],
83 silly audit   'arraybuffer.prototype.slice': [ '1.0.4' ],
83 silly audit   'ast-types-flow': [ '0.0.8' ],
83 silly audit   'async-function': [ '1.0.0' ],
83 silly audit   'available-typed-arrays': [ '1.0.7' ],
83 silly audit   'axe-core': [ '4.11.1' ],
83 silly audit   'axobject-query': [ '4.1.0' ],
83 silly audit   'balanced-match': [ '1.0.2' ],
83 silly audit   'baseline-browser-mapping': [ '2.9.14' ],
83 silly audit   braces: [ '3.0.3' ],
83 silly audit   browserslist: [ '4.28.1' ],
83 silly audit   'call-bind': [ '1.0.8' ],
83 silly audit   'call-bind-apply-helpers': [ '1.0.2' ],
83 silly audit   'call-bound': [ '1.0.4' ],
83 silly audit   callsites: [ '3.1.0' ],
83 silly audit   'caniuse-lite': [ '1.0.30001763' ],
83 silly audit   chalk: [ '4.1.2' ],
83 silly audit   'client-only': [ '0.0.1' ],
83 silly audit   'color-convert': [ '2.0.1' ],
83 silly audit   'color-name': [ '1.1.4' ],
83 silly audit   'concat-map': [ '0.0.1' ],
83 silly audit   'convert-source-map': [ '2.0.0' ],
83 silly audit   'cross-spawn': [ '7.0.6' ],
83 silly audit   csstype: [ '3.2.3' ],
83 silly audit   'damerau-levenshtein': [ '1.0.8' ],
83 silly audit   'data-view-buffer': [ '1.0.2' ],
83 silly audit   'data-view-byte-length': [ '1.0.2' ],
83 silly audit   'data-view-byte-offset': [ '1.0.1' ],
83 silly audit   debug: [ '4.4.3', '3.2.7' ],
83 silly audit   'deep-is': [ '0.1.4' ],
83 silly audit   'define-data-property': [ '1.1.4' ],
83 silly audit   'define-properties': [ '1.2.1' ],
83 silly audit   'detect-libc': [ '2.1.2' ],
83 silly audit   doctrine: [ '2.1.0' ],
83 silly audit   'dunder-proto': [ '1.0.1' ],
83 silly audit   'electron-to-chromium': [ '1.5.267' ],
83 silly audit   'emoji-regex': [ '9.2.2' ],
83 silly audit   'enhanced-resolve': [ '5.18.4' ],
83 silly audit   'es-abstract': [ '1.24.1' ],
83 silly audit   'es-define-property': [ '1.0.1' ],
83 silly audit   'es-errors': [ '1.3.0' ],
83 silly audit   'es-iterator-helpers': [ '1.2.2' ],
83 silly audit   'es-object-atoms': [ '1.1.1' ],
83 silly audit   'es-set-tostringtag': [ '2.1.0' ],
83 silly audit   'es-shim-unscopables': [ '1.1.0' ],
83 silly audit   'es-to-primitive': [ '1.3.0' ],
83 silly audit   escalade: [ '3.2.0' ],
83 silly audit   'escape-string-regexp': [ '4.0.0' ],
83 silly audit   eslint: [ '9.39.2' ],
83 silly audit   'eslint-config-next': [ '16.1.1' ],
83 silly audit   globals: [ '16.4.0', '14.0.0' ],
83 silly audit   'eslint-import-resolver-node': [ '0.3.9' ],
83 silly audit   'eslint-import-resolver-typescript': [ '3.10.1' ],
83 silly audit   'eslint-module-utils': [ '2.12.1' ],
83 silly audit   'eslint-plugin-import': [ '2.32.0' ],
83 silly audit   'eslint-plugin-jsx-a11y': [ '6.10.2' ],
83 silly audit   'eslint-plugin-react': [ '7.37.5' ],
83 silly audit   'eslint-plugin-react-hooks': [ '7.0.1' ],
83 silly audit   resolve: [ '2.0.0-next.5', '1.22.11' ],
83 silly audit   'eslint-scope': [ '8.4.0' ],
83 silly audit   espree: [ '10.4.0' ],
83 silly audit   esquery: [ '1.7.0' ],
83 silly audit   esrecurse: [ '4.3.0' ],
83 silly audit   estraverse: [ '5.3.0' ],
83 silly audit   esutils: [ '2.0.3' ],
83 silly audit   'fast-deep-equal': [ '3.1.3' ],
83 silly audit   'fast-glob': [ '3.3.1' ],
83 silly audit   'glob-parent': [ '5.1.2', '6.0.2' ],
83 silly audit   'fast-json-stable-stringify': [ '2.1.0' ],
83 silly audit   'fast-levenshtein': [ '2.0.6' ],
83 silly audit   fastq: [ '1.20.1' ],
83 silly audit   'file-entry-cache': [ '8.0.0' ],
83 silly audit   'fill-range': [ '7.1.1' ],
83 silly audit   'find-up': [ '5.0.0' ],
83 silly audit   'flat-cache': [ '4.0.1' ],
83 silly audit   flatted: [ '3.3.3' ],
83 silly audit   'for-each': [ '0.3.5' ],
83 silly audit   'function-bind': [ '1.1.2' ],
83 silly audit   'function.prototype.name': [ '1.1.8' ],
83 silly audit   'functions-have-names': [ '1.2.3' ],
83 silly audit   'generator-function': [ '2.0.1' ],
83 silly audit   gensync: [ '1.0.0-beta.2' ],
83 silly audit   'get-intrinsic': [ '1.3.0' ],
83 silly audit   'get-proto': [ '1.0.1' ],
83 silly audit   'get-symbol-description': [ '1.1.0' ],
83 silly audit   'get-tsconfig': [ '4.13.0' ],
83 silly audit   globalthis: [ '1.0.4' ],
83 silly audit   gopd: [ '1.2.0' ],
83 silly audit   'graceful-fs': [ '4.2.11' ],
83 silly audit   'has-bigints': [ '1.1.0' ],
83 silly audit   'has-flag': [ '4.0.0' ],
83 silly audit   'has-property-descriptors': [ '1.0.2' ],
83 silly audit   'has-proto': [ '1.2.0' ],
83 silly audit   'has-symbols': [ '1.1.0' ],
83 silly audit   'has-tostringtag': [ '1.0.2' ],
83 silly audit   hasown: [ '2.0.2' ],
83 silly audit   'hermes-estree': [ '0.25.1' ],
83 silly audit   'hermes-parser': [ '0.25.1' ],
83 silly audit   'import-fresh': [ '3.3.1' ],
83 silly audit   imurmurhash: [ '0.1.4' ],
83 silly audit   'internal-slot': [ '1.1.0' ],
83 silly audit   'is-array-buffer': [ '3.0.5' ],
83 silly audit   'is-async-function': [ '2.1.1' ],
83 silly audit   'is-bigint': [ '1.1.0' ],
83 silly audit   'is-boolean-object': [ '1.2.2' ],
83 silly audit   'is-bun-module': [ '2.0.0' ],
83 silly audit   'is-callable': [ '1.2.7' ],
83 silly audit   'is-core-module': [ '2.16.1' ],
83 silly audit   'is-data-view': [ '1.0.2' ],
83 silly audit   'is-date-object': [ '1.1.0' ],
83 silly audit   'is-extglob': [ '2.1.1' ],
83 silly audit   'is-finalizationregistry': [ '1.1.1' ],
83 silly audit   'is-generator-function': [ '1.1.2' ],
83 silly audit   'is-glob': [ '4.0.3' ],
83 silly audit   'is-map': [ '2.0.3' ],
83 silly audit   'is-negative-zero': [ '2.0.3' ],
83 silly audit   'is-number': [ '7.0.0' ],
83 silly audit   'is-number-object': [ '1.1.1' ],
83 silly audit   'is-regex': [ '1.2.1' ],
83 silly audit   'is-set': [ '2.0.3' ],
83 silly audit   'is-shared-array-buffer': [ '1.0.4' ],
83 silly audit   'is-string': [ '1.1.1' ],
83 silly audit   'is-symbol': [ '1.1.1' ],
83 silly audit   'is-typed-array': [ '1.1.15' ],
83 silly audit   'is-weakmap': [ '2.0.2' ],
83 silly audit   'is-weakref': [ '1.1.1' ],
83 silly audit   'is-weakset': [ '2.0.4' ],
83 silly audit   isarray: [ '2.0.5' ],
83 silly audit   isexe: [ '2.0.0' ],
83 silly audit   'iterator.prototype': [ '1.1.5' ],
83 silly audit   jiti: [ '2.6.1' ],
83 silly audit   'js-tokens': [ '4.0.0' ],
83 silly audit   'js-yaml': [ '4.1.1' ],
83 silly audit   jsesc: [ '3.1.0' ],
83 silly audit   'json-buffer': [ '3.0.1' ],
83 silly audit   'json-schema-traverse': [ '0.4.1' ],
83 silly audit   'json-stable-stringify-without-jsonify': [ '1.0.1' ],
83 silly audit   json5: [ '2.2.3', '1.0.2' ],
83 silly audit   'jsx-ast-utils': [ '3.3.5' ],
83 silly audit   keyv: [ '4.5.4' ],
83 silly audit   'language-subtag-registry': [ '0.3.23' ],
83 silly audit   'language-tags': [ '1.0.9' ],
83 silly audit   levn: [ '0.4.1' ],
83 silly audit   lightningcss: [ '1.30.2' ],
83 silly audit   'lightningcss-android-arm64': [ '1.30.2' ],
83 silly audit   'lightningcss-darwin-arm64': [ '1.30.2' ],
83 silly audit   'lightningcss-darwin-x64': [ '1.30.2' ],
83 silly audit   'lightningcss-freebsd-x64': [ '1.30.2' ],
83 silly audit   'lightningcss-linux-arm-gnueabihf': [ '1.30.2' ],
83 silly audit   'lightningcss-linux-arm64-gnu': [ '1.30.2' ],
83 silly audit   'lightningcss-linux-arm64-musl': [ '1.30.2' ],
83 silly audit   'lightningcss-linux-x64-gnu': [ '1.30.2' ],
83 silly audit   'lightningcss-linux-x64-musl': [ '1.30.2' ],
83 silly audit   'lightningcss-win32-arm64-msvc': [ '1.30.2' ],
83 silly audit   'lightningcss-win32-x64-msvc': [ '1.30.2' ],
83 silly audit   'locate-path': [ '6.0.0' ],
83 silly audit   'lodash.merge': [ '4.6.2' ],
83 silly audit   'loose-envify': [ '1.4.0' ],
83 silly audit   'lru-cache': [ '5.1.1' ],
83 silly audit   'magic-string': [ '0.30.21' ],
83 silly audit   'math-intrinsics': [ '1.1.0' ],
83 silly audit   merge2: [ '1.4.1' ],
83 silly audit   micromatch: [ '4.0.8' ],
83 silly audit   minimist: [ '1.2.8' ],
83 silly audit   ms: [ '2.1.3' ],
83 silly audit   nanoid: [ '3.3.11' ],
83 silly audit   'napi-postinstall': [ '0.3.4' ],
83 silly audit   'natural-compare': [ '1.4.0' ],
83 silly audit   next: [ '16.1.1' ],
83 silly audit   postcss: [ '8.4.31', '8.5.6' ],
83 silly audit   'node-releases': [ '2.0.27' ],
83 silly audit   'object-assign': [ '4.1.1' ],
83 silly audit   'object-inspect': [ '1.13.4' ],
83 silly audit   'object-keys': [ '1.1.1' ],
83 silly audit   'object.assign': [ '4.1.7' ],
83 silly audit   'object.entries': [ '1.1.9' ],
83 silly audit   'object.fromentries': [ '2.0.8' ],
83 silly audit   'object.groupby': [ '1.0.3' ],
83 silly audit   'object.values': [ '1.2.1' ],
83 silly audit   optionator: [ '0.9.4' ],
83 silly audit   'own-keys': [ '1.0.1' ],
83 silly audit   'p-limit': [ '3.1.0' ],
83 silly audit   'p-locate': [ '5.0.0' ],
83 silly audit   'parent-module': [ '1.0.1' ],
83 silly audit   'path-exists': [ '4.0.0' ],
83 silly audit   'path-key': [ '3.1.1' ],
83 silly audit   'path-parse': [ '1.0.7' ],
83 silly audit   picocolors: [ '1.1.1' ],
83 silly audit   picomatch: [ '2.3.1', '4.0.3' ],
83 silly audit   'possible-typed-array-names': [ '1.1.0' ],
83 silly audit   'prelude-ls': [ '1.2.1' ],
83 silly audit   'prop-types': [ '15.8.1' ],
83 silly audit   punycode: [ '2.3.1' ],
83 silly audit   'queue-microtask': [ '1.2.3' ],
83 silly audit   react: [ '19.2.3' ],
83 silly audit   'react-dom': [ '19.2.3' ],
83 silly audit   'react-is': [ '16.13.1' ],
83 silly audit   'reflect.getprototypeof': [ '1.0.10' ],
83 silly audit   'regexp.prototype.flags': [ '1.5.4' ],
83 silly audit   'resolve-from': [ '4.0.0' ],
83 silly audit   'resolve-pkg-maps': [ '1.0.0' ],
83 silly audit   reusify: [ '1.1.0' ],
83 silly audit   'run-parallel': [ '1.2.0' ],
83 silly audit   'safe-array-concat': [ '1.1.3' ],
83 silly audit   'safe-push-apply': [ '1.0.0' ],
83 silly audit   'safe-regex-test': [ '1.1.0' ],
83 silly audit   scheduler: [ '0.27.0' ],
83 silly audit   'set-function-length': [ '1.2.2' ],
83 silly audit   'set-function-name': [ '2.0.2' ],
83 silly audit   'set-proto': [ '1.0.0' ],
83 silly audit   sharp: [ '0.34.5' ],
83 silly audit   'shebang-command': [ '2.0.0' ],
83 silly audit   'shebang-regex': [ '3.0.0' ],
83 silly audit   'side-channel': [ '1.1.0' ],
83 silly audit   'side-channel-list': [ '1.0.0' ],
83 silly audit   'side-channel-map': [ '1.0.1' ],
83 silly audit   'side-channel-weakmap': [ '1.0.2' ],
83 silly audit   'source-map-js': [ '1.2.1' ],
83 silly audit   'stable-hash': [ '0.0.5' ],
83 silly audit   'stop-iteration-iterator': [ '1.1.0' ],
83 silly audit   'string.prototype.includes': [ '2.0.1' ],
83 silly audit   'string.prototype.matchall': [ '4.0.12' ],
83 silly audit   'string.prototype.repeat': [ '1.0.0' ],
83 silly audit   'string.prototype.trim': [ '1.2.10' ],
83 silly audit   'string.prototype.trimend': [ '1.0.9' ],
83 silly audit   'string.prototype.trimstart': [ '1.0.8' ],
83 silly audit   'strip-bom': [ '3.0.0' ],
83 silly audit   'strip-json-comments': [ '3.1.1' ],
83 silly audit   'styled-jsx': [ '5.1.6' ],
83 silly audit   'supports-color': [ '7.2.0' ],
83 silly audit   'supports-preserve-symlinks-flag': [ '1.0.0' ],
83 silly audit   tailwindcss: [ '4.1.18' ],
83 silly audit   tapable: [ '2.3.0' ],
83 silly audit   tinyglobby: [ '0.2.15' ],
83 silly audit   fdir: [ '6.5.0' ],
83 silly audit   'to-regex-range': [ '5.0.1' ],
83 silly audit   'ts-api-utils': [ '2.4.0' ],
83 silly audit   'tsconfig-paths': [ '3.15.0' ],
83 silly audit   tslib: [ '2.8.1' ],
83 silly audit   'type-check': [ '0.4.0' ],
83 silly audit   'typed-array-buffer': [ '1.0.3' ],
83 silly audit   'typed-array-byte-length': [ '1.0.3' ],
83 silly audit   'typed-array-byte-offset': [ '1.0.4' ],
83 silly audit   'typed-array-length': [ '1.0.7' ],
83 silly audit   typescript: [ '5.9.3' ],
83 silly audit   'typescript-eslint': [ '8.52.0' ],
83 silly audit   'unbox-primitive': [ '1.1.0' ],
83 silly audit   'undici-types': [ '6.21.0' ],
83 silly audit   'unrs-resolver': [ '1.11.1' ],
83 silly audit   'update-browserslist-db': [ '1.2.3' ],
83 silly audit   'uri-js': [ '4.4.1' ],
83 silly audit   which: [ '2.0.2' ],
83 silly audit   'which-boxed-primitive': [ '1.1.1' ],
83 silly audit   'which-builtin-type': [ '1.2.1' ],
83 silly audit   'which-collection': [ '1.0.2' ],
83 silly audit   'which-typed-array': [ '1.1.19' ],
83 silly audit   'word-wrap': [ '1.2.5' ],
83 silly audit   yallist: [ '3.1.1' ],
83 silly audit   'yocto-queue': [ '0.1.0' ],
83 silly audit   zod: [ '4.3.5' ],
83 silly audit   'zod-validation-error': [ '4.0.2' ],
83 silly audit   clsx: [ '2.1.1' ],
83 silly audit   'framer-motion': [ '12.25.0' ],
83 silly audit   'lucide-react': [ '0.562.0' ],
83 silly audit   'tailwind-merge': [ '3.4.0' ],
83 silly audit   'motion-dom': [ '12.24.11' ],
83 silly audit   'motion-utils': [ '12.24.10' ],
83 silly audit   '@tailwindcss/oxide-wasm32-wasi': [ '4.1.18' ]
83 silly audit }
84 verbose reify failed optional dependency /Users/advaittahilyani/Chordia/node_modules/lightningcss-win32-x64-msvc
85 silly reify mark deleted [
85 silly reify   '/Users/advaittahilyani/Chordia/node_modules/lightningcss-win32-x64-msvc'
85 silly reify ]
86 verbose reify failed optional dependency /Users/advaittahilyani/Chordia/node_modules/lightningcss-win32-arm64-msvc
87 silly reify mark deleted [
87 silly reify   '/Users/advaittahilyani/Chordia/node_modules/lightningcss-win32-arm64-msvc'
87 silly reify ]
88 verbose reify failed optional dependency /Users/advaittahilyani/Chordia/node_modules/lightningcss-linux-x64-musl
89 silly reify mark deleted [
89 silly reify   '/Users/advaittahilyani/Chordia/node_modules/lightningcss-linux-x64-musl'
89 silly reify ]
90 verbose reify failed optional dependency /Users/advaittahilyani/Chordia/node_modules/lightningcss-linux-x64-gnu
91 silly reify mark deleted [
91 silly reify   '/Users/advaittahilyani/Chordia/node_modules/lightningcss-linux-x64-gnu'
91 silly reify ]
92 verbose reify failed optional dependency /Users/advaittahilyani/Chordia/node_modules/lightningcss-linux-arm64-musl
93 silly reify mark deleted [
93 silly reify   '/Users/advaittahilyani/Chordia/node_modules/lightningcss-linux-arm64-musl'
93 silly reify ]
94 verbose reify failed optional dependency /Users/advaittahilyani/Chordia/node_modules/lightningcss-linux-arm64-gnu
95 silly reify mark deleted [
95 silly reify   '/Users/advaittahilyani/Chordia/node_modules/lightningcss-linux-arm64-gnu'
95 silly reify ]
96 verbose reify failed optional dependency /Users/advaittahilyani/Chordia/node_modules/lightningcss-linux-arm-gnueabihf
97 silly reify mark deleted [
97 silly reify   '/Users/advaittahilyani/Chordia/node_modules/lightningcss-linux-arm-gnueabihf'
97 silly reify ]
98 verbose reify failed optional dependency /Users/advaittahilyani/Chordia/node_modules/lightningcss-freebsd-x64
99 silly reify mark deleted [
99 silly reify   '/Users/advaittahilyani/Chordia/node_modules/lightningcss-freebsd-x64'
99 silly reify ]
100 verbose reify failed optional dependency /Users/advaittahilyani/Chordia/node_modules/lightningcss-darwin-x64
101 silly reify mark deleted [
101 silly reify   '/Users/advaittahilyani/Chordia/node_modules/lightningcss-darwin-x64'
101 silly reify ]
102 verbose reify failed optional dependency /Users/advaittahilyani/Chordia/node_modules/lightningcss-android-arm64
103 silly reify mark deleted [
103 silly reify   '/Users/advaittahilyani/Chordia/node_modules/lightningcss-android-arm64'
103 silly reify ]
104 verbose reify failed optional dependency /Users/advaittahilyani/Chordia/node_modules/@unrs/resolver-binding-win32-x64-msvc
105 silly reify mark deleted [
105 silly reify   '/Users/advaittahilyani/Chordia/node_modules/@unrs/resolver-binding-win32-x64-msvc'
105 silly reify ]
106 verbose reify failed optional dependency /Users/advaittahilyani/Chordia/node_modules/@unrs/resolver-binding-win32-ia32-msvc
107 silly reify mark deleted [
107 silly reify   '/Users/advaittahilyani/Chordia/node_modules/@unrs/resolver-binding-win32-ia32-msvc'
107 silly reify ]
108 verbose reify failed optional dependency /Users/advaittahilyani/Chordia/node_modules/@unrs/resolver-binding-win32-arm64-msvc
109 silly reify mark deleted [
109 silly reify   '/Users/advaittahilyani/Chordia/node_modules/@unrs/resolver-binding-win32-arm64-msvc'
109 silly reify ]
110 verbose reify failed optional dependency /Users/advaittahilyani/Chordia/node_modules/@unrs/resolver-binding-wasm32-wasi
111 silly reify mark deleted [
111 silly reify   '/Users/advaittahilyani/Chordia/node_modules/@unrs/resolver-binding-wasm32-wasi'
111 silly reify ]
112 verbose reify failed optional dependency /Users/advaittahilyani/Chordia/node_modules/@unrs/resolver-binding-linux-x64-musl
113 silly reify mark deleted [
113 silly reify   '/Users/advaittahilyani/Chordia/node_modules/@unrs/resolver-binding-linux-x64-musl'
113 silly reify ]
114 verbose reify failed optional dependency /Users/advaittahilyani/Chordia/node_modules/@unrs/resolver-binding-linux-x64-gnu
115 silly reify mark deleted [
115 silly reify   '/Users/advaittahilyani/Chordia/node_modules/@unrs/resolver-binding-linux-x64-gnu'
115 silly reify ]
116 verbose reify failed optional dependency /Users/advaittahilyani/Chordia/node_modules/@unrs/resolver-binding-linux-s390x-gnu
117 silly reify mark deleted [
117 silly reify   '/Users/advaittahilyani/Chordia/node_modules/@unrs/resolver-binding-linux-s390x-gnu'
117 silly reify ]
118 verbose reify failed optional dependency /Users/advaittahilyani/Chordia/node_modules/@unrs/resolver-binding-linux-riscv64-musl
119 silly reify mark deleted [
119 silly reify   '/Users/advaittahilyani/Chordia/node_modules/@unrs/resolver-binding-linux-riscv64-musl'
119 silly reify ]
120 verbose reify failed optional dependency /Users/advaittahilyani/Chordia/node_modules/@unrs/resolver-binding-linux-riscv64-gnu
121 silly reify mark deleted [
121 silly reify   '/Users/advaittahilyani/Chordia/node_modules/@unrs/resolver-binding-linux-riscv64-gnu'
121 silly reify ]
122 verbose reify failed optional dependency /Users/advaittahilyani/Chordia/node_modules/@unrs/resolver-binding-linux-ppc64-gnu
123 silly reify mark deleted [
123 silly reify   '/Users/advaittahilyani/Chordia/node_modules/@unrs/resolver-binding-linux-ppc64-gnu'
123 silly reify ]
124 verbose reify failed optional dependency /Users/advaittahilyani/Chordia/node_modules/@unrs/resolver-binding-linux-arm64-musl
125 silly reify mark deleted [
125 silly reify   '/Users/advaittahilyani/Chordia/node_modules/@unrs/resolver-binding-linux-arm64-musl'
125 silly reify ]
126 verbose reify failed optional dependency /Users/advaittahilyani/Chordia/node_modules/@unrs/resolver-binding-linux-arm64-gnu
127 silly reify mark deleted [
127 silly reify   '/Users/advaittahilyani/Chordia/node_modules/@unrs/resolver-binding-linux-arm64-gnu'
127 silly reify ]
128 verbose reify failed optional dependency /Users/advaittahilyani/Chordia/node_modules/@unrs/resolver-binding-linux-arm-musleabihf
129 silly reify mark deleted [
129 silly reify   '/Users/advaittahilyani/Chordia/node_modules/@unrs/resolver-binding-linux-arm-musleabihf'
129 silly reify ]
130 verbose reify failed optional dependency /Users/advaittahilyani/Chordia/node_modules/@unrs/resolver-binding-linux-arm-gnueabihf
131 silly reify mark deleted [
131 silly reify   '/Users/advaittahilyani/Chordia/node_modules/@unrs/resolver-binding-linux-arm-gnueabihf'
131 silly reify ]
132 verbose reify failed optional dependency /Users/advaittahilyani/Chordia/node_modules/@unrs/resolver-binding-freebsd-x64
133 silly reify mark deleted [
133 silly reify   '/Users/advaittahilyani/Chordia/node_modules/@unrs/resolver-binding-freebsd-x64'
133 silly reify ]
134 verbose reify failed optional dependency /Users/advaittahilyani/Chordia/node_modules/@unrs/resolver-binding-darwin-x64
135 silly reify mark deleted [
135 silly reify   '/Users/advaittahilyani/Chordia/node_modules/@unrs/resolver-binding-darwin-x64'
135 silly reify ]
136 verbose reify failed optional dependency /Users/advaittahilyani/Chordia/node_modules/@unrs/resolver-binding-android-arm64
137 silly reify mark deleted [
137 silly reify   '/Users/advaittahilyani/Chordia/node_modules/@unrs/resolver-binding-android-arm64'
137 silly reify ]
138 verbose reify failed optional dependency /Users/advaittahilyani/Chordia/node_modules/@unrs/resolver-binding-android-arm-eabi
139 silly reify mark deleted [
139 silly reify   '/Users/advaittahilyani/Chordia/node_modules/@unrs/resolver-binding-android-arm-eabi'
139 silly reify ]
140 verbose reify failed optional dependency /Users/advaittahilyani/Chordia/node_modules/@tailwindcss/oxide-win32-x64-msvc
141 silly reify mark deleted [
141 silly reify   '/Users/advaittahilyani/Chordia/node_modules/@tailwindcss/oxide-win32-x64-msvc'
141 silly reify ]
142 verbose reify failed optional dependency /Users/advaittahilyani/Chordia/node_modules/@tailwindcss/oxide-win32-arm64-msvc
143 silly reify mark deleted [
143 silly reify   '/Users/advaittahilyani/Chordia/node_modules/@tailwindcss/oxide-win32-arm64-msvc'
143 silly reify ]
144 verbose reify failed optional dependency /Users/advaittahilyani/Chordia/node_modules/@tailwindcss/oxide-linux-x64-musl
145 silly reify mark deleted [
145 silly reify   '/Users/advaittahilyani/Chordia/node_modules/@tailwindcss/oxide-linux-x64-musl'
145 silly reify ]
146 verbose reify failed optional dependency /Users/advaittahilyani/Chordia/node_modules/@tailwindcss/oxide-linux-x64-gnu
147 silly reify mark deleted [
147 silly reify   '/Users/advaittahilyani/Chordia/node_modules/@tailwindcss/oxide-linux-x64-gnu'
147 silly reify ]
148 verbose reify failed optional dependency /Users/advaittahilyani/Chordia/node_modules/@tailwindcss/oxide-linux-arm64-musl
149 silly reify mark deleted [
149 silly reify   '/Users/advaittahilyani/Chordia/node_modules/@tailwindcss/oxide-linux-arm64-musl'
149 silly reify ]
150 verbose reify failed optional dependency /Users/advaittahilyani/Chordia/node_modules/@tailwindcss/oxide-linux-arm64-gnu
151 silly reify mark deleted [
151 silly reify   '/Users/advaittahilyani/Chordia/node_modules/@tailwindcss/oxide-linux-arm64-gnu'
151 silly reify ]
152 verbose reify failed optional dependency /Users/advaittahilyani/Chordia/node_modules/@tailwindcss/oxide-linux-arm-gnueabihf
153 silly reify mark deleted [
153 silly reify   '/Users/advaittahilyani/Chordia/node_modules/@tailwindcss/oxide-linux-arm-gnueabihf'
153 silly reify ]
154 verbose reify failed optional dependency /Users/advaittahilyani/Chordia/node_modules/@tailwindcss/oxide-freebsd-x64
155 silly reify mark deleted [
155 silly reify   '/Users/advaittahilyani/Chordia/node_modules/@tailwindcss/oxide-freebsd-x64'
155 silly reify ]
156 verbose reify failed optional dependency /Users/advaittahilyani/Chordia/node_modules/@tailwindcss/oxide-darwin-x64
157 silly reify mark deleted [
157 silly reify   '/Users/advaittahilyani/Chordia/node_modules/@tailwindcss/oxide-darwin-x64'
157 silly reify ]
158 verbose reify failed optional dependency /Users/advaittahilyani/Chordia/node_modules/@tailwindcss/oxide-android-arm64
159 silly reify mark deleted [
159 silly reify   '/Users/advaittahilyani/Chordia/node_modules/@tailwindcss/oxide-android-arm64'
159 silly reify ]
160 verbose reify failed optional dependency /Users/advaittahilyani/Chordia/node_modules/@next/swc-win32-x64-msvc
161 silly reify mark deleted [
161 silly reify   '/Users/advaittahilyani/Chordia/node_modules/@next/swc-win32-x64-msvc'
161 silly reify ]
162 verbose reify failed optional dependency /Users/advaittahilyani/Chordia/node_modules/@next/swc-win32-arm64-msvc
163 silly reify mark deleted [
163 silly reify   '/Users/advaittahilyani/Chordia/node_modules/@next/swc-win32-arm64-msvc'
163 silly reify ]
164 verbose reify failed optional dependency /Users/advaittahilyani/Chordia/node_modules/@next/swc-linux-x64-musl
165 silly reify mark deleted [
165 silly reify   '/Users/advaittahilyani/Chordia/node_modules/@next/swc-linux-x64-musl'
165 silly reify ]
166 verbose reify failed optional dependency /Users/advaittahilyani/Chordia/node_modules/@next/swc-linux-x64-gnu
167 silly reify mark deleted [
167 silly reify   '/Users/advaittahilyani/Chordia/node_modules/@next/swc-linux-x64-gnu'
167 silly reify ]
168 verbose reify failed optional dependency /Users/advaittahilyani/Chordia/node_modules/@next/swc-linux-arm64-musl
169 silly reify mark deleted [
169 silly reify   '/Users/advaittahilyani/Chordia/node_modules/@next/swc-linux-arm64-musl'
169 silly reify ]
170 verbose reify failed optional dependency /Users/advaittahilyani/Chordia/node_modules/@next/swc-linux-arm64-gnu
171 silly reify mark deleted [
171 silly reify   '/Users/advaittahilyani/Chordia/node_modules/@next/swc-linux-arm64-gnu'
171 silly reify ]
172 verbose reify failed optional dependency /Users/advaittahilyani/Chordia/node_modules/@next/swc-darwin-x64
173 silly reify mark deleted [ '/Users/advaittahilyani/Chordia/node_modules/@next/swc-darwin-x64' ]
174 verbose reify failed optional dependency /Users/advaittahilyani/Chordia/node_modules/@img/sharp-win32-x64
175 silly reify mark deleted [ '/Users/advaittahilyani/Chordia/node_modules/@img/sharp-win32-x64' ]
176 verbose reify failed optional dependency /Users/advaittahilyani/Chordia/node_modules/@img/sharp-win32-ia32
177 silly reify mark deleted [ '/Users/advaittahilyani/Chordia/node_modules/@img/sharp-win32-ia32' ]
178 verbose reify failed optional dependency /Users/advaittahilyani/Chordia/node_modules/@img/sharp-win32-arm64
179 silly reify mark deleted [
179 silly reify   '/Users/advaittahilyani/Chordia/node_modules/@img/sharp-win32-arm64'
179 silly reify ]
180 verbose reify failed optional dependency /Users/advaittahilyani/Chordia/node_modules/@img/sharp-wasm32
181 silly reify mark deleted [ '/Users/advaittahilyani/Chordia/node_modules/@img/sharp-wasm32' ]
182 verbose reify failed optional dependency /Users/advaittahilyani/Chordia/node_modules/@img/sharp-linuxmusl-x64
183 silly reify mark deleted [
183 silly reify   '/Users/advaittahilyani/Chordia/node_modules/@img/sharp-linuxmusl-x64'
183 silly reify ]
184 verbose reify failed optional dependency /Users/advaittahilyani/Chordia/node_modules/@img/sharp-linuxmusl-arm64
185 silly reify mark deleted [
185 silly reify   '/Users/advaittahilyani/Chordia/node_modules/@img/sharp-linuxmusl-arm64'
185 silly reify ]
186 verbose reify failed optional dependency /Users/advaittahilyani/Chordia/node_modules/@img/sharp-linux-x64
187 silly reify mark deleted [ '/Users/advaittahilyani/Chordia/node_modules/@img/sharp-linux-x64' ]
188 verbose reify failed optional dependency /Users/advaittahilyani/Chordia/node_modules/@img/sharp-linux-s390x
189 silly reify mark deleted [
189 silly reify   '/Users/advaittahilyani/Chordia/node_modules/@img/sharp-linux-s390x'
189 silly reify ]
190 verbose reify failed optional dependency /Users/advaittahilyani/Chordia/node_modules/@img/sharp-linux-riscv64
191 silly reify mark deleted [
191 silly reify   '/Users/advaittahilyani/Chordia/node_modules/@img/sharp-linux-riscv64'
191 silly reify ]
192 verbose reify failed optional dependency /Users/advaittahilyani/Chordia/node_modules/@img/sharp-linux-ppc64
193 silly reify mark deleted [
193 silly reify   '/Users/advaittahilyani/Chordia/node_modules/@img/sharp-linux-ppc64'
193 silly reify ]
194 verbose reify failed optional dependency /Users/advaittahilyani/Chordia/node_modules/@img/sharp-linux-arm64
195 silly reify mark deleted [
195 silly reify   '/Users/advaittahilyani/Chordia/node_modules/@img/sharp-linux-arm64'
195 silly reify ]
196 verbose reify failed optional dependency /Users/advaittahilyani/Chordia/node_modules/@img/sharp-linux-arm
197 silly reify mark deleted [ '/Users/advaittahilyani/Chordia/node_modules/@img/sharp-linux-arm' ]
198 verbose reify failed optional dependency /Users/advaittahilyani/Chordia/node_modules/@img/sharp-libvips-linuxmusl-x64
199 silly reify mark deleted [
199 silly reify   '/Users/advaittahilyani/Chordia/node_modules/@img/sharp-libvips-linuxmusl-x64'
199 silly reify ]
200 verbose reify failed optional dependency /Users/advaittahilyani/Chordia/node_modules/@img/sharp-libvips-linuxmusl-arm64
201 silly reify mark deleted [
201 silly reify   '/Users/advaittahilyani/Chordia/node_modules/@img/sharp-libvips-linuxmusl-arm64'
201 silly reify ]
202 verbose reify failed optional dependency /Users/advaittahilyani/Chordia/node_modules/@img/sharp-libvips-linux-x64
203 silly reify mark deleted [
203 silly reify   '/Users/advaittahilyani/Chordia/node_modules/@img/sharp-libvips-linux-x64'
203 silly reify ]
204 verbose reify failed optional dependency /Users/advaittahilyani/Chordia/node_modules/@img/sharp-libvips-linux-s390x
205 silly reify mark deleted [
205 silly reify   '/Users/advaittahilyani/Chordia/node_modules/@img/sharp-libvips-linux-s390x'
205 silly reify ]
206 verbose reify failed optional dependency /Users/advaittahilyani/Chordia/node_modules/@img/sharp-libvips-linux-riscv64
207 silly reify mark deleted [
207 silly reify   '/Users/advaittahilyani/Chordia/node_modules/@img/sharp-libvips-linux-riscv64'
207 silly reify ]
208 verbose reify failed optional dependency /Users/advaittahilyani/Chordia/node_modules/@img/sharp-libvips-linux-ppc64
209 silly reify mark deleted [
209 silly reify   '/Users/advaittahilyani/Chordia/node_modules/@img/sharp-libvips-linux-ppc64'
209 silly reify ]
210 verbose reify failed optional dependency /Users/advaittahilyani/Chordia/node_modules/@img/sharp-libvips-linux-arm64
211 silly reify mark deleted [
211 silly reify   '/Users/advaittahilyani/Chordia/node_modules/@img/sharp-libvips-linux-arm64'
211 silly reify ]
212 verbose reify failed optional dependency /Users/advaittahilyani/Chordia/node_modules/@img/sharp-libvips-linux-arm
213 silly reify mark deleted [
213 silly reify   '/Users/advaittahilyani/Chordia/node_modules/@img/sharp-libvips-linux-arm'
213 silly reify ]
214 verbose reify failed optional dependency /Users/advaittahilyani/Chordia/node_modules/@img/sharp-libvips-darwin-x64
215 silly reify mark deleted [
215 silly reify   '/Users/advaittahilyani/Chordia/node_modules/@img/sharp-libvips-darwin-x64'
215 silly reify ]
216 verbose reify failed optional dependency /Users/advaittahilyani/Chordia/node_modules/@img/sharp-darwin-x64
217 silly reify mark deleted [ '/Users/advaittahilyani/Chordia/node_modules/@img/sharp-darwin-x64' ]
218 timing reifyNode:node_modules/lightningcss-win32-x64-msvc Completed in 5ms
219 timing reifyNode:node_modules/lightningcss-win32-arm64-msvc Completed in 5ms
220 timing reifyNode:node_modules/lightningcss-linux-x64-musl Completed in 5ms
221 timing reifyNode:node_modules/lightningcss-linux-x64-gnu Completed in 5ms
222 timing reifyNode:node_modules/lightningcss-linux-arm64-musl Completed in 5ms
223 timing reifyNode:node_modules/lightningcss-linux-arm64-gnu Completed in 5ms
224 timing reifyNode:node_modules/lightningcss-linux-arm-gnueabihf Completed in 5ms
225 timing reifyNode:node_modules/lightningcss-freebsd-x64 Completed in 5ms
226 timing reifyNode:node_modules/lightningcss-darwin-x64 Completed in 5ms
227 timing reifyNode:node_modules/lightningcss-android-arm64 Completed in 5ms
228 timing reifyNode:node_modules/@unrs/resolver-binding-win32-x64-msvc Completed in 5ms
229 timing reifyNode:node_modules/@unrs/resolver-binding-win32-ia32-msvc Completed in 5ms
230 timing reifyNode:node_modules/@unrs/resolver-binding-win32-arm64-msvc Completed in 5ms
231 timing reifyNode:node_modules/@unrs/resolver-binding-wasm32-wasi Completed in 5ms
232 timing reifyNode:node_modules/@unrs/resolver-binding-linux-x64-musl Completed in 5ms
233 timing reifyNode:node_modules/@unrs/resolver-binding-linux-x64-gnu Completed in 5ms
234 timing reifyNode:node_modules/@unrs/resolver-binding-linux-s390x-gnu Completed in 5ms
235 timing reifyNode:node_modules/@unrs/resolver-binding-linux-riscv64-musl Completed in 5ms
236 timing reifyNode:node_modules/@unrs/resolver-binding-linux-riscv64-gnu Completed in 5ms
237 timing reifyNode:node_modules/@unrs/resolver-binding-linux-ppc64-gnu Completed in 5ms
238 timing reifyNode:node_modules/@unrs/resolver-binding-linux-arm64-musl Completed in 5ms
239 timing reifyNode:node_modules/@unrs/resolver-binding-linux-arm64-gnu Completed in 5ms
240 timing reifyNode:node_modules/@unrs/resolver-binding-linux-arm-musleabihf Completed in 6ms
241 timing reifyNode:node_modules/@unrs/resolver-binding-linux-arm-gnueabihf Completed in 6ms
242 timing reifyNode:node_modules/@unrs/resolver-binding-freebsd-x64 Completed in 6ms
243 timing reifyNode:node_modules/@unrs/resolver-binding-darwin-x64 Completed in 6ms
244 timing reifyNode:node_modules/@unrs/resolver-binding-android-arm64 Completed in 6ms
245 timing reifyNode:node_modules/@unrs/resolver-binding-android-arm-eabi Completed in 6ms
246 timing reifyNode:node_modules/@tailwindcss/oxide-win32-x64-msvc Completed in 6ms
247 timing reifyNode:node_modules/@tailwindcss/oxide-win32-arm64-msvc Completed in 6ms
248 timing reifyNode:node_modules/@tailwindcss/oxide-linux-x64-musl Completed in 6ms
249 timing reifyNode:node_modules/@tailwindcss/oxide-linux-x64-gnu Completed in 6ms
250 timing reifyNode:node_modules/@tailwindcss/oxide-linux-arm64-musl Completed in 6ms
251 timing reifyNode:node_modules/@tailwindcss/oxide-linux-arm64-gnu Completed in 6ms
252 timing reifyNode:node_modules/@tailwindcss/oxide-linux-arm-gnueabihf Completed in 6ms
253 timing reifyNode:node_modules/@tailwindcss/oxide-freebsd-x64 Completed in 6ms
254 timing reifyNode:node_modules/@tailwindcss/oxide-darwin-x64 Completed in 6ms
255 timing reifyNode:node_modules/@tailwindcss/oxide-android-arm64 Completed in 6ms
256 timing reifyNode:node_modules/@next/swc-win32-x64-msvc Completed in 6ms
257 timing reifyNode:node_modules/@next/swc-win32-arm64-msvc Completed in 6ms
258 timing reifyNode:node_modules/@next/swc-linux-x64-musl Completed in 6ms
259 timing reifyNode:node_modules/@next/swc-linux-x64-gnu Completed in 6ms
260 timing reifyNode:node_modules/@next/swc-linux-arm64-musl Completed in 6ms
261 timing reifyNode:node_modules/@next/swc-linux-arm64-gnu Completed in 6ms
262 timing reifyNode:node_modules/@next/swc-darwin-x64 Completed in 6ms
263 timing reifyNode:node_modules/@img/sharp-win32-x64 Completed in 5ms
264 timing reifyNode:node_modules/@img/sharp-win32-ia32 Completed in 5ms
265 timing reifyNode:node_modules/@img/sharp-win32-arm64 Completed in 5ms
266 timing reifyNode:node_modules/@img/sharp-wasm32 Completed in 5ms
267 timing reifyNode:node_modules/@img/sharp-linuxmusl-x64 Completed in 5ms
268 timing reifyNode:node_modules/@img/sharp-linuxmusl-arm64 Completed in 5ms
269 timing reifyNode:node_modules/@img/sharp-linux-x64 Completed in 5ms
270 timing reifyNode:node_modules/@img/sharp-linux-s390x Completed in 5ms
271 timing reifyNode:node_modules/@img/sharp-linux-riscv64 Completed in 5ms
272 timing reifyNode:node_modules/@img/sharp-linux-ppc64 Completed in 5ms
273 timing reifyNode:node_modules/@img/sharp-linux-arm64 Completed in 5ms
274 timing reifyNode:node_modules/@img/sharp-linux-arm Completed in 5ms
275 timing reifyNode:node_modules/@img/sharp-libvips-linuxmusl-x64 Completed in 5ms
276 timing reifyNode:node_modules/@img/sharp-libvips-linuxmusl-arm64 Completed in 5ms
277 timing reifyNode:node_modules/@img/sharp-libvips-linux-x64 Completed in 5ms
278 timing reifyNode:node_modules/@img/sharp-libvips-linux-s390x Completed in 5ms
279 timing reifyNode:node_modules/@img/sharp-libvips-linux-riscv64 Completed in 5ms
280 timing reifyNode:node_modules/@img/sharp-libvips-linux-ppc64 Completed in 5ms
281 timing reifyNode:node_modules/@img/sharp-libvips-linux-arm64 Completed in 5ms
282 timing reifyNode:node_modules/@img/sharp-libvips-linux-arm Completed in 5ms
283 timing reifyNode:node_modules/@img/sharp-libvips-darwin-x64 Completed in 5ms
284 timing reifyNode:node_modules/@img/sharp-darwin-x64 Completed in 5ms
285 silly tarball no local data for motion-utils@https://registry.npmjs.org/motion-utils/-/motion-utils-12.24.10.tgz. Extracting by manifest.
286 silly tarball no local data for lucide-react@https://registry.npmjs.org/lucide-react/-/lucide-react-0.562.0.tgz. Extracting by manifest.
287 silly tarball no local data for framer-motion@https://registry.npmjs.org/framer-motion/-/framer-motion-12.25.0.tgz. Extracting by manifest.
288 silly tarball no local data for motion-dom@https://registry.npmjs.org/motion-dom/-/motion-dom-12.24.11.tgz. Extracting by manifest.
289 silly tarball no local data for tailwind-merge@https://registry.npmjs.org/tailwind-merge/-/tailwind-merge-3.4.0.tgz. Extracting by manifest.
290 silly tarball no local data for clsx@https://registry.npmjs.org/clsx/-/clsx-2.1.1.tgz. Extracting by manifest.
291 http fetch GET 200 https://registry.npmjs.org/motion-utils/-/motion-utils-12.24.10.tgz 54ms (cache miss)
292 timing reifyNode:node_modules/motion-utils Completed in 63ms
293 http fetch GET 200 https://registry.npmjs.org/clsx/-/clsx-2.1.1.tgz 75ms (cache miss)
294 timing reifyNode:node_modules/clsx Completed in 84ms
295 http fetch GET 200 https://registry.npmjs.org/tailwind-merge/-/tailwind-merge-3.4.0.tgz 210ms (cache miss)
296 timing reifyNode:node_modules/tailwind-merge Completed in 219ms
297 http fetch GET 200 https://registry.npmjs.org/motion-dom/-/motion-dom-12.24.11.tgz 251ms (cache miss)
298 timing reifyNode:node_modules/motion-dom Completed in 260ms
299 http fetch GET 200 https://registry.npmjs.org/framer-motion/-/framer-motion-12.25.0.tgz 341ms (cache miss)
300 timing reifyNode:node_modules/framer-motion Completed in 349ms
301 http fetch POST 200 https://registry.npmjs.org/-/npm/v1/security/advisories/bulk 548ms
302 timing auditReport:getReport Completed in 551ms
303 silly audit report {}
304 timing auditReport:init Completed in 0ms
305 timing reify:audit Completed in 551ms
306 http fetch GET 200 https://registry.npmjs.org/lucide-react/-/lucide-react-0.562.0.tgz 580ms (cache miss)
307 timing reifyNode:node_modules/lucide-react Completed in 588ms
308 timing reify:unpack Completed in 589ms
309 timing reify:unretire Completed in 0ms
310 timing build:queue Completed in 0ms
311 timing build:deps Completed in 2ms
312 timing build Completed in 2ms
313 timing reify:build Completed in 2ms
314 timing reify:trash Completed in 2ms
315 timing reify:save Completed in 55ms
316 timing reify Completed in 1931ms
317 silly ADD node_modules/motion-utils
318 silly ADD node_modules/motion-dom
319 silly ADD node_modules/tailwind-merge
320 silly ADD node_modules/lucide-react
321 silly ADD node_modules/framer-motion
322 silly ADD node_modules/clsx
323 silly ADD
324 silly ADD
325 silly ADD
326 silly ADD
327 silly ADD
328 silly ADD
329 silly ADD
330 silly ADD
331 silly ADD
332 silly ADD
333 silly ADD
334 silly ADD
335 silly ADD
336 silly ADD
337 silly ADD
338 silly ADD
339 silly ADD
340 silly ADD
341 silly ADD
342 silly ADD
343 silly ADD
344 silly ADD
345 silly ADD
346 silly ADD
347 silly ADD
348 silly ADD
349 silly ADD
350 silly ADD
351 silly ADD
352 silly ADD
353 silly ADD
354 silly ADD
355 silly ADD
356 silly ADD
357 silly ADD
358 silly ADD
359 silly ADD
360 silly ADD
361 silly ADD
362 silly ADD
363 silly ADD
364 silly ADD
365 silly ADD
366 silly ADD
367 silly ADD
368 silly ADD
369 silly ADD
370 silly ADD
371 silly ADD
372 silly ADD
373 silly ADD
374 silly ADD
375 silly ADD
376 silly ADD
377 silly ADD
378 silly ADD
379 silly ADD
380 silly ADD
381 silly ADD
382 silly ADD
383 silly ADD
384 silly ADD
385 silly ADD
386 silly ADD
387 silly ADD
388 silly ADD
389 silly ADD
390 silly ADD
391 timing command:install Completed in 1935ms
392 verbose exit 0
393 timing npm Completed in 2073ms
394 info ok
